Running: C:\Xilinx\14.7\ISE_DS\ISE\bin\nt64\unwrapped\fuse.exe -intstyle ise -incremental -o C:/Users/usuario pc/Desktop/UNI/fotos/procesador/memoriaInstrucciones_isim_beh.exe -prj C:/Users/usuario pc/Desktop/UNI/fotos/procesador/memoriaInstrucciones_beh.prj work.memoriaInstrucciones 
ISim P.20131013 (signature 0x7708f090)
Number of CPUs detected in this system: 4
Turning on mult-threading, number of parallel sub-compilation jobs: 8 
Determining compilation order of HDL files
Parsing VHDL file "C:/Users/usuario pc/Desktop/UNI/fotos/procesador/memoriaInstrucciones.vhd" into library work
Starting static elaboration
Completed static elaboration
Compiling package standard
Compiling package std_logic_1164
Compiling package std_logic_arith
Compiling package std_logic_unsigned
Compiling package textio
Compiling architecture behavioral of entity memoriainstrucciones
Time Resolution for simulation is 1ps.
Waiting for 1 sub-compilation(s) to finish...
Compiled 6 VHDL Units
Built simulation executable C:/Users/usuario pc/Desktop/UNI/fotos/procesador/memoriaInstrucciones_isim_beh.exe
Fuse Memory Usage: 32432 KB
Fuse CPU Usage: 1015 ms
